<?xml version="1.0" encoding="UTF-8"?>
<coverage generated="1581515654576" clover="3.2.0">
  <project timestamp="1581515654576" name="All files">
    <metrics statements="38" coveredstatements="22" conditionals="0" coveredconditionals="0" methods="19" coveredmethods="4" elements="57" coveredelements="26" complexity="0" loc="38" ncloc="38" packages="5" files="7" classes="7"/>
    <package name="src">
      <metrics statements="3" coveredstatements="2" conditionals="0" coveredconditionals="0" methods="1" coveredmethods="1"/>
      <file name="App.js" path="E:\Pro\mspr-ci\react-mspr-ci\src\App.js">
        <metrics statements="1" coveredstatements="1" conditionals="0" coveredconditionals="0" methods="1" coveredmethods="1"/>
        <line num="8" count="3" type="stmt"/>
      </file>
      <file name="enzyme.js" path="E:\Pro\mspr-ci\react-mspr-ci\src\enzyme.js">
        <metrics statements="1" coveredstatements="1" conditionals="0" coveredconditionals="0" methods="0" coveredmethods="0"/>
        <line num="4" count="4" type="stmt"/>
      </file>
      <file name="index.js" path="E:\Pro\mspr-ci\react-mspr-ci\src\index.js">
        <metrics statements="1" coveredstatements="0" conditionals="0" coveredconditionals="0" methods="0" coveredmethods="0"/>
        <line num="7" count="0" type="stmt"/>
      </file>
    </package>
    <package name="src.components.home">
      <metrics statements="15" coveredstatements="8" conditionals="0" coveredconditionals="0" methods="8" coveredmethods="1"/>
      <file name="home.jsx" path="E:\Pro\mspr-ci\react-mspr-ci\src\components\home\home.jsx">
        <metrics statements="15" coveredstatements="8" conditionals="0" coveredconditionals="0" methods="8" coveredmethods="1"/>
        <line num="6" count="3" type="stmt"/>
        <line num="8" count="1" type="stmt"/>
        <line num="9" count="1" type="stmt"/>
        <line num="14" count="1" type="stmt"/>
        <line num="15" count="0" type="stmt"/>
        <line num="17" count="0" type="stmt"/>
        <line num="19" count="0" type="stmt"/>
        <line num="24" count="1" type="stmt"/>
        <line num="25" count="0" type="stmt"/>
        <line num="27" count="0" type="stmt"/>
        <line num="29" count="0" type="stmt"/>
        <line num="35" count="1" type="stmt"/>
        <line num="37" count="0" type="stmt"/>
        <line num="50" count="1" type="stmt"/>
        <line num="57" count="1" type="stmt"/>
      </file>
    </package>
    <package name="src.components.routes">
      <metrics statements="2" coveredstatements="2" conditionals="0" coveredconditionals="0" methods="1" coveredmethods="1"/>
      <file name="routes.jsx" path="E:\Pro\mspr-ci\react-mspr-ci\src\components\routes\routes.jsx">
        <metrics statements="2" coveredstatements="2" conditionals="0" coveredconditionals="0" methods="1" coveredmethods="1"/>
        <line num="6" count="2" type="stmt"/>
        <line num="7" count="1" type="stmt"/>
      </file>
    </package>
    <package name="src.components.user">
      <metrics statements="17" coveredstatements="9" conditionals="0" coveredconditionals="0" methods="9" coveredmethods="1"/>
      <file name="user.jsx" path="E:\Pro\mspr-ci\react-mspr-ci\src\components\user\user.jsx">
        <metrics statements="17" coveredstatements="9" conditionals="0" coveredconditionals="0" methods="9" coveredmethods="1"/>
        <line num="4" count="3" type="stmt"/>
        <line num="5" count="2" type="stmt"/>
        <line num="6" count="2" type="stmt"/>
        <line num="7" count="2" type="stmt"/>
        <line num="9" count="2" type="stmt"/>
        <line num="10" count="0" type="stmt"/>
        <line num="12" count="0" type="stmt"/>
        <line num="14" count="0" type="stmt"/>
        <line num="18" count="0" type="stmt"/>
        <line num="22" count="2" type="stmt"/>
        <line num="23" count="0" type="stmt"/>
        <line num="25" count="0" type="stmt"/>
        <line num="27" count="0" type="stmt"/>
        <line num="33" count="2" type="stmt"/>
        <line num="40" count="2" type="stmt"/>
        <line num="42" count="0" type="stmt"/>
        <line num="49" count="2" type="stmt"/>
      </file>
    </package>
    <package name="src.utils">
      <metrics statements="1" coveredstatements="1" conditionals="0" coveredconditionals="0" methods="0" coveredmethods="0"/>
      <file name="fetch.js" path="E:\Pro\mspr-ci\react-mspr-ci\src\utils\fetch.js">
        <metrics statements="1" coveredstatements="1" conditionals="0" coveredconditionals="0" methods="0" coveredmethods="0"/>
        <line num="1" count="4" type="stmt"/>
      </file>
    </package>
  </project>
</coverage>
