{"total": {"lines":{"total":38,"covered":22,"skipped":0,"pct":57.89},"statements":{"total":38,"covered":22,"skipped":0,"pct":57.89},"functions":{"total":19,"covered":4,"skipped":0,"pct":21.05},"branches":{"total":0,"covered":0,"skipped":0,"pct":100}}
,"E:\\Pro\\mspr-ci\\react-mspr-ci\\src\\App.js": {"lines":{"total":1,"covered":1,"skipped":0,"pct":100},"functions":{"total":1,"covered":1,"skipped":0,"pct":100},"statements":{"total":1,"covered":1,"skipped":0,"pct":100},"branches":{"total":0,"covered":0,"skipped":0,"pct":100}}
,"E:\\Pro\\mspr-ci\\react-mspr-ci\\src\\enzyme.js": {"lines":{"total":1,"covered":1,"skipped":0,"pct":100},"functions":{"total":0,"covered":0,"skipped":0,"pct":100},"statements":{"total":1,"covered":1,"skipped":0,"pct":100},"branches":{"total":0,"covered":0,"skipped":0,"pct":100}}
,"E:\\Pro\\mspr-ci\\react-mspr-ci\\src\\index.js": {"lines":{"total":1,"covered":0,"skipped":0,"pct":0},"functions":{"total":0,"covered":0,"skipped":0,"pct":100},"statements":{"total":1,"covered":0,"skipped":0,"pct":0},"branches":{"total":0,"covered":0,"skipped":0,"pct":100}}
,"E:\\Pro\\mspr-ci\\react-mspr-ci\\src\\components\\home\\home.jsx": {"lines":{"total":15,"covered":8,"skipped":0,"pct":53.33},"functions":{"total":8,"covered":1,"skipped":0,"pct":12.5},"statements":{"total":15,"covered":8,"skipped":0,"pct":53.33},"branches":{"total":0,"covered":0,"skipped":0,"pct":100}}
,"E:\\Pro\\mspr-ci\\react-mspr-ci\\src\\components\\routes\\routes.jsx": {"lines":{"total":2,"covered":2,"skipped":0,"pct":100},"functions":{"total":1,"covered":1,"skipped":0,"pct":100},"statements":{"total":2,"covered":2,"skipped":0,"pct":100},"branches":{"total":0,"covered":0,"skipped":0,"pct":100}}
,"E:\\Pro\\mspr-ci\\react-mspr-ci\\src\\components\\user\\user.jsx": {"lines":{"total":17,"covered":9,"skipped":0,"pct":52.94},"functions":{"total":9,"covered":1,"skipped":0,"pct":11.11},"statements":{"total":17,"covered":9,"skipped":0,"pct":52.94},"branches":{"total":0,"covered":0,"skipped":0,"pct":100}}
,"E:\\Pro\\mspr-ci\\react-mspr-ci\\src\\utils\\fetch.js": {"lines":{"total":1,"covered":1,"skipped":0,"pct":100},"functions":{"total":0,"covered":0,"skipped":0,"pct":100},"statements":{"total":1,"covered":1,"skipped":0,"pct":100},"branches":{"total":0,"covered":0,"skipped":0,"pct":100}}
}
