{"E:\\Pro\\mspr-ci\\react-mspr-ci\\src\\App.js": {"path":"E:\\Pro\\mspr-ci\\react-mspr-ci\\src\\App.js","statementMap":{"0":{"start":{"line":8,"column":2},"end":{"line":18,"column":4}}},"fnMap":{"0":{"name":"App","decl":{"start":{"line":7,"column":9},"end":{"line":7,"column":12}},"loc":{"start":{"line":7,"column":15},"end":{"line":19,"column":1}},"line":7}},"branchMap":{},"s":{"0":3},"f":{"0":3},"b":{},"_coverageSchema":"43e27e138ebf9cfc5966b082cf9a028302ed4184","hash":"bab95e5f4f6fca0e847ad720a66293c628a5daf8"}
,"E:\\Pro\\mspr-ci\\react-mspr-ci\\src\\enzyme.js": {"path":"E:\\Pro\\mspr-ci\\react-mspr-ci\\src\\enzyme.js","statementMap":{"0":{"start":{"line":4,"column":0},"end":{"line":4,"column":38}}},"fnMap":{},"branchMap":{},"s":{"0":4},"f":{},"b":{},"_coverageSchema":"43e27e138ebf9cfc5966b082cf9a028302ed4184","hash":"9b4b46729231d1aaf3cc9211a9d0c4e83e606d1e"}
,"E:\\Pro\\mspr-ci\\react-mspr-ci\\src\\index.js": {"path":"E:\\Pro\\mspr-ci\\react-mspr-ci\\src\\index.js","statementMap":{"0":{"start":{"line":7,"column":0},"end":{"line":7,"column":58}}},"fnMap":{},"branchMap":{},"s":{"0":0},"f":{},"b":{},"hash":"002a57e3abc3bdac5fd2e023afc371fc0880eea0"}
,"E:\\Pro\\mspr-ci\\react-mspr-ci\\src\\components\\home\\home.jsx": {"path":"E:\\Pro\\mspr-ci\\react-mspr-ci\\src\\components\\home\\home.jsx","statementMap":{"0":{"start":{"line":6,"column":20},"end":{"line":63,"column":1}},"1":{"start":{"line":8,"column":36},"end":{"line":8,"column":48}},"2":{"start":{"line":9,"column":38},"end":{"line":12,"column":6}},"3":{"start":{"line":14,"column":4},"end":{"line":22,"column":11}},"4":{"start":{"line":15,"column":8},"end":{"line":21,"column":15}},"5":{"start":{"line":17,"column":16},"end":{"line":20,"column":23}},"6":{"start":{"line":19,"column":24},"end":{"line":19,"column":48}},"7":{"start":{"line":24,"column":4},"end":{"line":32,"column":11}},"8":{"start":{"line":25,"column":8},"end":{"line":31,"column":15}},"9":{"start":{"line":27,"column":16},"end":{"line":30,"column":23}},"10":{"start":{"line":29,"column":24},"end":{"line":29,"column":56}},"11":{"start":{"line":35,"column":8},"end":{"line":46,"column":20}},"12":{"start":{"line":37,"column":16},"end":{"line":44,"column":32}},"13":{"start":{"line":50,"column":8},"end":{"line":54,"column":14}},"14":{"start":{"line":57,"column":4},"end":{"line":62,"column":5}}},"fnMap":{"0":{"name":"(anonymous_0)","decl":{"start":{"line":6,"column":20},"end":{"line":6,"column":21}},"loc":{"start":{"line":6,"column":26},"end":{"line":63,"column":1}},"line":6},"1":{"name":"(anonymous_1)","decl":{"start":{"line":14,"column":14},"end":{"line":14,"column":15}},"loc":{"start":{"line":14,"column":20},"end":{"line":22,"column":5}},"line":14},"2":{"name":"(anonymous_2)","decl":{"start":{"line":16,"column":18},"end":{"line":16,"column":19}},"loc":{"start":{"line":16,"column":30},"end":{"line":21,"column":13}},"line":16},"3":{"name":"(anonymous_3)","decl":{"start":{"line":18,"column":26},"end":{"line":18,"column":27}},"loc":{"start":{"line":18,"column":34},"end":{"line":20,"column":21}},"line":18},"4":{"name":"(anonymous_4)","decl":{"start":{"line":24,"column":14},"end":{"line":24,"column":15}},"loc":{"start":{"line":24,"column":20},"end":{"line":32,"column":5}},"line":24},"5":{"name":"(anonymous_5)","decl":{"start":{"line":26,"column":18},"end":{"line":26,"column":19}},"loc":{"start":{"line":26,"column":30},"end":{"line":31,"column":13}},"line":26},"6":{"name":"(anonymous_6)","decl":{"start":{"line":28,"column":26},"end":{"line":28,"column":27}},"loc":{"start":{"line":28,"column":34},"end":{"line":30,"column":21}},"line":28},"7":{"name":"(anonymous_7)","decl":{"start":{"line":36,"column":26},"end":{"line":36,"column":27}},"loc":{"start":{"line":37,"column":16},"end":{"line":44,"column":32}},"line":37}},"branchMap":{},"s":{"0":3,"1":1,"2":1,"3":1,"4":0,"5":0,"6":0,"7":1,"8":0,"9":0,"10":0,"11":1,"12":0,"13":1,"14":1},"f":{"0":1,"1":0,"2":0,"3":0,"4":0,"5":0,"6":0,"7":0},"b":{},"_coverageSchema":"43e27e138ebf9cfc5966b082cf9a028302ed4184","hash":"d9bea3e61a041bd6515520d0f78411db8fb44c9e"}
,"E:\\Pro\\mspr-ci\\react-mspr-ci\\src\\components\\routes\\routes.jsx": {"path":"E:\\Pro\\mspr-ci\\react-mspr-ci\\src\\components\\routes\\routes.jsx","statementMap":{"0":{"start":{"line":6,"column":22},"end":{"line":14,"column":1}},"1":{"start":{"line":7,"column":4},"end":{"line":13,"column":5}}},"fnMap":{"0":{"name":"(anonymous_0)","decl":{"start":{"line":6,"column":22},"end":{"line":6,"column":23}},"loc":{"start":{"line":6,"column":28},"end":{"line":14,"column":1}},"line":6}},"branchMap":{},"s":{"0":2,"1":1},"f":{"0":1},"b":{},"_coverageSchema":"43e27e138ebf9cfc5966b082cf9a028302ed4184","hash":"4aa61ec0ac4338e7b7715db7382ab263181ac96f"}
,"E:\\Pro\\mspr-ci\\react-mspr-ci\\src\\components\\user\\user.jsx": {"path":"E:\\Pro\\mspr-ci\\react-mspr-ci\\src\\components\\user\\user.jsx","statementMap":{"0":{"start":{"line":4,"column":20},"end":{"line":55,"column":1}},"1":{"start":{"line":5,"column":36},"end":{"line":5,"column":48}},"2":{"start":{"line":6,"column":38},"end":{"line":6,"column":50}},"3":{"start":{"line":7,"column":21},"end":{"line":7,"column":33}},"4":{"start":{"line":9,"column":4},"end":{"line":20,"column":17}},"5":{"start":{"line":10,"column":8},"end":{"line":19,"column":14}},"6":{"start":{"line":12,"column":16},"end":{"line":15,"column":23}},"7":{"start":{"line":14,"column":24},"end":{"line":14,"column":47}},"8":{"start":{"line":18,"column":16},"end":{"line":18,"column":32}},"9":{"start":{"line":22,"column":4},"end":{"line":30,"column":17}},"10":{"start":{"line":23,"column":8},"end":{"line":29,"column":14}},"11":{"start":{"line":25,"column":16},"end":{"line":28,"column":23}},"12":{"start":{"line":27,"column":24},"end":{"line":27,"column":53}},"13":{"start":{"line":33,"column":6},"end":{"line":36,"column":12}},"14":{"start":{"line":40,"column":8},"end":{"line":46,"column":14}},"15":{"start":{"line":42,"column":16},"end":{"line":44,"column":22}},"16":{"start":{"line":49,"column":4},"end":{"line":54,"column":5}}},"fnMap":{"0":{"name":"(anonymous_0)","decl":{"start":{"line":4,"column":20},"end":{"line":4,"column":21}},"loc":{"start":{"line":4,"column":33},"end":{"line":55,"column":1}},"line":4},"1":{"name":"(anonymous_1)","decl":{"start":{"line":9,"column":14},"end":{"line":9,"column":15}},"loc":{"start":{"line":9,"column":20},"end":{"line":20,"column":5}},"line":9},"2":{"name":"(anonymous_2)","decl":{"start":{"line":11,"column":18},"end":{"line":11,"column":19}},"loc":{"start":{"line":11,"column":30},"end":{"line":16,"column":13}},"line":11},"3":{"name":"(anonymous_3)","decl":{"start":{"line":13,"column":26},"end":{"line":13,"column":27}},"loc":{"start":{"line":13,"column":34},"end":{"line":15,"column":21}},"line":13},"4":{"name":"(anonymous_4)","decl":{"start":{"line":17,"column":19},"end":{"line":17,"column":20}},"loc":{"start":{"line":17,"column":25},"end":{"line":19,"column":13}},"line":17},"5":{"name":"(anonymous_5)","decl":{"start":{"line":22,"column":14},"end":{"line":22,"column":15}},"loc":{"start":{"line":22,"column":20},"end":{"line":30,"column":5}},"line":22},"6":{"name":"(anonymous_6)","decl":{"start":{"line":24,"column":18},"end":{"line":24,"column":19}},"loc":{"start":{"line":24,"column":30},"end":{"line":29,"column":13}},"line":24},"7":{"name":"(anonymous_7)","decl":{"start":{"line":26,"column":26},"end":{"line":26,"column":27}},"loc":{"start":{"line":26,"column":34},"end":{"line":28,"column":21}},"line":26},"8":{"name":"(anonymous_8)","decl":{"start":{"line":41,"column":27},"end":{"line":41,"column":28}},"loc":{"start":{"line":42,"column":16},"end":{"line":44,"column":22}},"line":42}},"branchMap":{},"s":{"0":3,"1":2,"2":2,"3":2,"4":2,"5":0,"6":0,"7":0,"8":0,"9":2,"10":0,"11":0,"12":0,"13":2,"14":2,"15":0,"16":2},"f":{"0":2,"1":0,"2":0,"3":0,"4":0,"5":0,"6":0,"7":0,"8":0},"b":{},"_coverageSchema":"43e27e138ebf9cfc5966b082cf9a028302ed4184","hash":"38e8fd14607a4047a7d3140325e6356e4d1d2e1c"}
,"E:\\Pro\\mspr-ci\\react-mspr-ci\\src\\utils\\fetch.js": {"path":"E:\\Pro\\mspr-ci\\react-mspr-ci\\src\\utils\\fetch.js","statementMap":{"0":{"start":{"line":1,"column":25},"end":{"line":1,"column":48}}},"fnMap":{},"branchMap":{},"s":{"0":4},"f":{},"b":{},"_coverageSchema":"43e27e138ebf9cfc5966b082cf9a028302ed4184","hash":"a85aa8a92f94b2be99b2f53e1dfc34436cdcec83"}
}
