TN:
SF:E:\Pro\mspr-ci\react-mspr-ci\src\App.js
FN:7,App
FNF:1
FNH:1
FNDA:3,App
DA:8,3
LF:1
LH:1
BRF:0
BRH:0
end_of_record
TN:
SF:E:\Pro\mspr-ci\react-mspr-ci\src\enzyme.js
FNF:0
FNH:0
DA:4,4
LF:1
LH:1
BRF:0
BRH:0
end_of_record
TN:
SF:E:\Pro\mspr-ci\react-mspr-ci\src\index.js
FNF:0
FNH:0
DA:7,0
LF:1
LH:0
BRF:0
BRH:0
end_of_record
TN:
SF:E:\Pro\mspr-ci\react-mspr-ci\src\components\home\home.jsx
FN:6,(anonymous_0)
FN:14,(anonymous_1)
FN:16,(anonymous_2)
FN:18,(anonymous_3)
FN:24,(anonymous_4)
FN:26,(anonymous_5)
FN:28,(anonymous_6)
FN:36,(anonymous_7)
FNF:8
FNH:1
FNDA:1,(anonymous_0)
FNDA:0,(anonymous_1)
FNDA:0,(anonymous_2)
FNDA:0,(anonymous_3)
FNDA:0,(anonymous_4)
FNDA:0,(anonymous_5)
FNDA:0,(anonymous_6)
FNDA:0,(anonymous_7)
DA:6,3
DA:8,1
DA:9,1
DA:14,1
DA:15,0
DA:17,0
DA:19,0
DA:24,1
DA:25,0
DA:27,0
DA:29,0
DA:35,1
DA:37,0
DA:50,1
DA:57,1
LF:15
LH:8
BRF:0
BRH:0
end_of_record
TN:
SF:E:\Pro\mspr-ci\react-mspr-ci\src\components\routes\routes.jsx
FN:6,(anonymous_0)
FNF:1
FNH:1
FNDA:1,(anonymous_0)
DA:6,2
DA:7,1
LF:2
LH:2
BRF:0
BRH:0
end_of_record
TN:
SF:E:\Pro\mspr-ci\react-mspr-ci\src\components\user\user.jsx
FN:4,(anonymous_0)
FN:9,(anonymous_1)
FN:11,(anonymous_2)
FN:13,(anonymous_3)
FN:17,(anonymous_4)
FN:22,(anonymous_5)
FN:24,(anonymous_6)
FN:26,(anonymous_7)
FN:41,(anonymous_8)
FNF:9
FNH:1
FNDA:2,(anonymous_0)
FNDA:0,(anonymous_1)
FNDA:0,(anonymous_2)
FNDA:0,(anonymous_3)
FNDA:0,(anonymous_4)
FNDA:0,(anonymous_5)
FNDA:0,(anonymous_6)
FNDA:0,(anonymous_7)
FNDA:0,(anonymous_8)
DA:4,3
DA:5,2
DA:6,2
DA:7,2
DA:9,2
DA:10,0
DA:12,0
DA:14,0
DA:18,0
DA:22,2
DA:23,0
DA:25,0
DA:27,0
DA:33,2
DA:40,2
DA:42,0
DA:49,2
LF:17
LH:9
BRF:0
BRH:0
end_of_record
TN:
SF:E:\Pro\mspr-ci\react-mspr-ci\src\utils\fetch.js
FNF:0
FNH:0
DA:1,4
LF:1
LH:1
BRF:0
BRH:0
end_of_record
